\BOOKMARK [0][-]{section*.1}{摘要}{}% 1
\BOOKMARK [0][-]{section*.3}{ABSTRACT}{}% 2
\BOOKMARK [0][-]{section*.5}{插图索引}{}% 3
\BOOKMARK [0][-]{section*.7}{表格索引}{}% 4
\BOOKMARK [0][-]{section*.9}{符号对照表}{}% 5
\BOOKMARK [0][-]{section*.11}{缩略语对照表}{}% 6
\BOOKMARK [0][-]{chapter.1}{第一章  研究生学位论文撰写的总体要求}{}% 7
\BOOKMARK [0][-]{chapter.2}{第二章  研究生学位论文撰写的内容要求}{}% 8
\BOOKMARK [1][-]{section.2.1}{2.1 封面}{chapter.2}% 9
\BOOKMARK [1][-]{section.2.2}{2.2 题名页}{chapter.2}% 10
\BOOKMARK [1][-]{section.2.3}{2.3 声明}{chapter.2}% 11
\BOOKMARK [1][-]{section.2.4}{2.4 摘要}{chapter.2}% 12
\BOOKMARK [1][-]{section.2.5}{2.5 插图索引}{chapter.2}% 13
\BOOKMARK [1][-]{section.2.6}{2.6 表格索引}{chapter.2}% 14
\BOOKMARK [1][-]{section.2.7}{2.7 符号对照表}{chapter.2}% 15
\BOOKMARK [1][-]{section.2.8}{2.8 缩略语对照表}{chapter.2}% 16
\BOOKMARK [1][-]{section.2.9}{2.9 目录}{chapter.2}% 17
\BOOKMARK [1][-]{section.2.10}{2.10 正文}{chapter.2}% 18
\BOOKMARK [2][-]{subsection.2.10.1}{2.10.1 绪论}{section.2.10}% 19
\BOOKMARK [2][-]{subsection.2.10.2}{2.10.2 各章节}{section.2.10}% 20
\BOOKMARK [2][-]{subsection.2.10.3}{2.10.3 结论}{section.2.10}% 21
\BOOKMARK [1][-]{section.2.11}{2.11 参考文献}{chapter.2}% 22
\BOOKMARK [1][-]{section.2.12}{2.12 致谢}{chapter.2}% 23
\BOOKMARK [1][-]{section.2.13}{2.13 作者简介}{chapter.2}% 24
\BOOKMARK [1][-]{section.2.14}{2.14 其他}{chapter.2}% 25
\BOOKMARK [0][-]{chapter.3}{第三章  研究生学位论文的编辑、打印、装订要求}{}% 26
\BOOKMARK [1][-]{section.3.1}{3.1 学位论文封面的编辑和打印要求}{chapter.3}% 27
\BOOKMARK [1][-]{section.3.2}{3.2 学位论文的版面设置要求}{chapter.3}% 28
\BOOKMARK [1][-]{section.3.3}{3.3 学位论文的打印、装订要求}{chapter.3}% 29
\BOOKMARK [1][-]{section.3.4}{3.4 其他说明}{chapter.3}% 30
\BOOKMARK [0][-]{chapter.4}{第四章  图、表、公式示例}{}% 31
\BOOKMARK [0][-]{chapter.5}{第五章  补充示例}{}% 32
\BOOKMARK [1][-]{section.5.1}{5.1 公式}{chapter.5}% 33
\BOOKMARK [2][-]{subsection.5.1.1}{5.1.1 带约束条件的公式}{section.5.1}% 34
\BOOKMARK [2][-]{subsection.5.1.2}{5.1.2 多等式}{section.5.1}% 35
\BOOKMARK [2][-]{subsection.5.1.3}{5.1.3 长公式}{section.5.1}% 36
\BOOKMARK [2][-]{subsection.5.1.4}{5.1.4 矩阵}{section.5.1}% 37
\BOOKMARK [1][-]{section.5.2}{5.2 图}{chapter.5}% 38
\BOOKMARK [2][-]{subsection.5.2.1}{5.2.1 tikz画图}{section.5.2}% 39
\BOOKMARK [2][-]{subsection.5.2.2}{5.2.2 多图排列}{section.5.2}% 40
\BOOKMARK [1][-]{section.5.3}{5.3 表格}{chapter.5}% 41
\BOOKMARK [1][-]{section.5.4}{5.4 文献引用}{chapter.5}% 42
\BOOKMARK [0][-]{section*.19}{参考文献}{}% 43
\BOOKMARK [0][-]{section*.21}{致谢}{}% 44
\BOOKMARK [0][-]{section*.23}{作者简介}{}% 45
